--- Copying files at Tue Mar 10 04:09:51 UTC 2020
--- Copying files at Tue Mar 10 07:21:43 UTC 2020
--- Copying files at Tue Mar 10 07:32:29 UTC 2020
--- Copying files at Tue Mar 10 07:35:20 UTC 2020
--- Copying files at Tue Mar 10 07:38:31 UTC 2020
--- Copying files at Tue Mar 10 08:46:43 UTC 2020
--- Copying files at Tue Mar 10 09:23:50 UTC 2020
--- Copying files at Wed Mar 11 03:39:01 UTC 2020
--- Copying files at Wed Mar 11 04:15:24 UTC 2020
--- Copying files at Wed Mar 11 04:17:04 UTC 2020
--- Copying files at Wed Mar 11 04:34:10 UTC 2020
--- Copying files at Wed Mar 11 04:39:59 UTC 2020
--- Copying files at Wed Mar 11 04:41:31 UTC 2020
--- Copying files at Wed Mar 11 04:52:08 UTC 2020
--- Copying files at Wed Mar 11 05:00:58 UTC 2020
--- Copying files at Wed Mar 11 05:01:23 UTC 2020
--- Copying files at Wed Mar 11 05:05:05 UTC 2020
--- Copying files at Wed Mar 11 09:19:54 UTC 2020
--- Copying files at Wed Mar 11 09:20:45 UTC 2020
--- Copying files at Wed Mar 11 10:39:53 UTC 2020
--- Copying files at Wed Mar 11 10:53:19 UTC 2020
--- Copying files at Wed Mar 11 14:06:06 UTC 2020
--- Copying files at Wed Mar 11 14:24:08 UTC 2020
--- Copying files at Thu Mar 12 07:02:29 UTC 2020
--- Copying files at Wed Mar 25 03:41:57 UTC 2020
--- Copying files at Wed Mar 25 10:21:31 UTC 2020
--- Copying files at Thu Apr  2 11:01:50 UTC 2020
--- Copying files at Thu Apr  2 17:02:42 UTC 2020
--- Copying files at Fri Apr  3 02:47:44 UTC 2020
--- Copying files at Fri Apr  3 03:49:58 UTC 2020
--- Copying files at Fri Apr  3 16:29:32 UTC 2020
